#0 building with "desktop-linux" instance using docker driver

#1 [internal] load build definition from Dockerfile
#1 transferring dockerfile: 862B 0.0s done
#1 DONE 0.1s

#2 [internal] load metadata for docker.io/library/node:20-alpine
#2 DONE 0.9s

#3 [internal] load .dockerignore
#3 transferring context: 149B done
#3 DONE 0.0s

#4 [internal] load build context
#4 DONE 0.0s

#5 [deps 1/4] FROM docker.io/library/node:20-alpine@sha256:3960ed74dfe320a67bf8da9555b6bade25ebda2b22b6081d2f60fd7d5d430e9c
#5 resolve docker.io/library/node:20-alpine@sha256:3960ed74dfe320a67bf8da9555b6bade25ebda2b22b6081d2f60fd7d5d430e9c 0.1s done
#5 DONE 0.1s

#6 [deps 2/4] WORKDIR /app
#6 CACHED

#4 [internal] load build context
#4 transferring context: 1.07kB done
#4 DONE 0.0s

#7 [deps 3/4] COPY package.json package-lock.json* pnpm-lock.yaml* yarn.lock* ./
#7 DONE 0.2s

#8 [deps 4/4] RUN   if [ -f package-lock.json ]; then npm ci;   elif [ -f pnpm-lock.yaml ]; then corepack enable && pnpm i --frozen-lockfile;   elif [ -f yarn.lock ]; then yarn --frozen-lockfile;   else npm i; fi
